Start testing: Dec 11 19:57 CET
----------------------------------------------------------
1/30 Testing: Test_affichage
1/30 Test: Test_affichage
Command: "/user/6/vilayvos/Documents/3A/mod_surfacique/projet_mod_surf/ProjetModelSurf/build/tests/Point_tests/test_affichage"
Directory: /user/6/vilayvos/Documents/3A/mod_surfacique/projet_mod_surf/ProjetModelSurf/build
"Test_affichage" start time: Dec 11 19:57 CET
Output:
----------------------------------------------------------
3	1	2.5

<end of output>
Test time =   0.01 sec
----------------------------------------------------------
Test Passed.
"Test_affichage" end time: Dec 11 19:57 CET
"Test_affichage" time elapsed: 00:00:00
----------------------------------------------------------

2/30 Testing: valgrindTest_affichage
2/30 Test: valgrindTest_affichage
Command: "/opt/rh/devtoolset-8/root/usr/bin/valgrind" "tests/Point_tests/test_affichage"
Directory: /user/6/vilayvos/Documents/3A/mod_surfacique/projet_mod_surf/ProjetModelSurf/build
"valgrindTest_affichage" start time: Dec 11 19:57 CET
Output:
----------------------------------------------------------
==29292== Memcheck, a memory error detector
==29292== Copyright (C) 2002-2017, and GNU GPL'd, by Julian Seward et al.
==29292== Using Valgrind-3.14.0 and LibVEX; rerun with -h for copyright info
==29292== Command: tests/Point_tests/test_affichage
==29292== 
3	1	2.5

==29292== 
==29292== HEAP SUMMARY:
==29292==     in use at exit: 0 bytes in 0 blocks
==29292==   total heap usage: 2 allocs, 2 frees, 570 bytes allocated
==29292== 
==29292== All heap blocks were freed -- no leaks are possible
==29292== 
==29292== For counts of detected and suppressed errors, rerun with: -v
==29292== ERROR SUMMARY: 0 errors from 0 contexts (suppressed: 0 from 0)
<end of output>
Test time =   0.37 sec
----------------------------------------------------------
Test Passed.
"valgrindTest_affichage" end time: Dec 11 19:57 CET
"valgrindTest_affichage" time elapsed: 00:00:00
----------------------------------------------------------

3/30 Testing: Test_constructeur1
3/30 Test: Test_constructeur1
Command: "/user/6/vilayvos/Documents/3A/mod_surfacique/projet_mod_surf/ProjetModelSurf/build/tests/Point_tests/test_constructeur1"
Directory: /user/6/vilayvos/Documents/3A/mod_surfacique/projet_mod_surf/ProjetModelSurf/build
"Test_constructeur1" start time: Dec 11 19:57 CET
Output:
----------------------------------------------------------
Initialisation du premier vecteur :
OK
Initialisation du deuxieme vecteur :
OK
<end of output>
Test time =   0.00 sec
----------------------------------------------------------
Test Passed.
"Test_constructeur1" end time: Dec 11 19:57 CET
"Test_constructeur1" time elapsed: 00:00:00
----------------------------------------------------------

4/30 Testing: valgrindTest_constructeur1
4/30 Test: valgrindTest_constructeur1
Command: "/opt/rh/devtoolset-8/root/usr/bin/valgrind" "tests/Point_tests/test_constructeur1"
Directory: /user/6/vilayvos/Documents/3A/mod_surfacique/projet_mod_surf/ProjetModelSurf/build
"valgrindTest_constructeur1" start time: Dec 11 19:57 CET
Output:
----------------------------------------------------------
==29295== Memcheck, a memory error detector
==29295== Copyright (C) 2002-2017, and GNU GPL'd, by Julian Seward et al.
==29295== Using Valgrind-3.14.0 and LibVEX; rerun with -h for copyright info
==29295== Command: tests/Point_tests/test_constructeur1
==29295== 
Initialisation du premier vecteur :
OK
Initialisation du deuxieme vecteur :
OK
==29295== 
==29295== HEAP SUMMARY:
==29295==     in use at exit: 0 bytes in 0 blocks
==29295==   total heap usage: 2 allocs, 2 frees, 568 bytes allocated
==29295== 
==29295== All heap blocks were freed -- no leaks are possible
==29295== 
==29295== For counts of detected and suppressed errors, rerun with: -v
==29295== ERROR SUMMARY: 0 errors from 0 contexts (suppressed: 0 from 0)
<end of output>
Test time =   0.38 sec
----------------------------------------------------------
Test Passed.
"valgrindTest_constructeur1" end time: Dec 11 19:57 CET
"valgrindTest_constructeur1" time elapsed: 00:00:00
----------------------------------------------------------

5/30 Testing: Test_constructeur2
5/30 Test: Test_constructeur2
Command: "/user/6/vilayvos/Documents/3A/mod_surfacique/projet_mod_surf/ProjetModelSurf/build/tests/Point_tests/test_constructeur2"
Directory: /user/6/vilayvos/Documents/3A/mod_surfacique/projet_mod_surf/ProjetModelSurf/build
"Test_constructeur2" start time: Dec 11 19:57 CET
Output:
----------------------------------------------------------
<end of output>
Test time =   0.01 sec
----------------------------------------------------------
Test Passed.
"Test_constructeur2" end time: Dec 11 19:57 CET
"Test_constructeur2" time elapsed: 00:00:00
----------------------------------------------------------

6/30 Testing: valgrindTest_constructeur2
6/30 Test: valgrindTest_constructeur2
Command: "/opt/rh/devtoolset-8/root/usr/bin/valgrind" "tests/Point_tests/test_constructeur2"
Directory: /user/6/vilayvos/Documents/3A/mod_surfacique/projet_mod_surf/ProjetModelSurf/build
"valgrindTest_constructeur2" start time: Dec 11 19:57 CET
Output:
----------------------------------------------------------
==29299== Memcheck, a memory error detector
==29299== Copyright (C) 2002-2017, and GNU GPL'd, by Julian Seward et al.
==29299== Using Valgrind-3.14.0 and LibVEX; rerun with -h for copyright info
==29299== Command: tests/Point_tests/test_constructeur2
==29299== 
==29299== 
==29299== HEAP SUMMARY:
==29299==     in use at exit: 0 bytes in 0 blocks
==29299==   total heap usage: 0 allocs, 0 frees, 0 bytes allocated
==29299== 
==29299== All heap blocks were freed -- no leaks are possible
==29299== 
==29299== For counts of detected and suppressed errors, rerun with: -v
==29299== ERROR SUMMARY: 0 errors from 0 contexts (suppressed: 0 from 0)
<end of output>
Test time =   0.34 sec
----------------------------------------------------------
Test Passed.
"valgrindTest_constructeur2" end time: Dec 11 19:57 CET
"valgrindTest_constructeur2" time elapsed: 00:00:00
----------------------------------------------------------

7/30 Testing: Test_constructeur3
7/30 Test: Test_constructeur3
Command: "/user/6/vilayvos/Documents/3A/mod_surfacique/projet_mod_surf/ProjetModelSurf/build/tests/Point_tests/test_constructeur3"
Directory: /user/6/vilayvos/Documents/3A/mod_surfacique/projet_mod_surf/ProjetModelSurf/build
"Test_constructeur3" start time: Dec 11 19:57 CET
Output:
----------------------------------------------------------
initialisation OK

Initialisation d'un vecteur par recopie :
recopie OK
<end of output>
Test time =   0.00 sec
----------------------------------------------------------
Test Passed.
"Test_constructeur3" end time: Dec 11 19:57 CET
"Test_constructeur3" time elapsed: 00:00:00
----------------------------------------------------------

8/30 Testing: valgrindTest_constructeur3
8/30 Test: valgrindTest_constructeur3
Command: "/opt/rh/devtoolset-8/root/usr/bin/valgrind" "tests/Point_tests/test_constructeur3"
Directory: /user/6/vilayvos/Documents/3A/mod_surfacique/projet_mod_surf/ProjetModelSurf/build
"valgrindTest_constructeur3" start time: Dec 11 19:57 CET
Output:
----------------------------------------------------------
==29302== Memcheck, a memory error detector
==29302== Copyright (C) 2002-2017, and GNU GPL'd, by Julian Seward et al.
==29302== Using Valgrind-3.14.0 and LibVEX; rerun with -h for copyright info
==29302== Command: tests/Point_tests/test_constructeur3
==29302== 
initialisation OK

Initialisation d'un vecteur par recopie :
recopie OK
==29302== 
==29302== HEAP SUMMARY:
==29302==     in use at exit: 0 bytes in 0 blocks
==29302==   total heap usage: 3 allocs, 3 frees, 1,111 bytes allocated
==29302== 
==29302== All heap blocks were freed -- no leaks are possible
==29302== 
==29302== For counts of detected and suppressed errors, rerun with: -v
==29302== ERROR SUMMARY: 0 errors from 0 contexts (suppressed: 0 from 0)
<end of output>
Test time =   0.41 sec
----------------------------------------------------------
Test Passed.
"valgrindTest_constructeur3" end time: Dec 11 19:57 CET
"valgrindTest_constructeur3" time elapsed: 00:00:00
----------------------------------------------------------

9/30 Testing: Test_operateur_affectation
9/30 Test: Test_operateur_affectation
Command: "/user/6/vilayvos/Documents/3A/mod_surfacique/projet_mod_surf/ProjetModelSurf/build/tests/Point_tests/test_operateur_affectation"
Directory: /user/6/vilayvos/Documents/3A/mod_surfacique/projet_mod_surf/ProjetModelSurf/build
"Test_operateur_affectation" start time: Dec 11 19:57 CET
Output:
----------------------------------------------------------
<end of output>
Test time =   0.00 sec
----------------------------------------------------------
Test Passed.
"Test_operateur_affectation" end time: Dec 11 19:57 CET
"Test_operateur_affectation" time elapsed: 00:00:00
----------------------------------------------------------

10/30 Testing: valgrindTest_operateur_affectation
10/30 Test: valgrindTest_operateur_affectation
Command: "/opt/rh/devtoolset-8/root/usr/bin/valgrind" "tests/Point_tests/test_operateur_affectation"
Directory: /user/6/vilayvos/Documents/3A/mod_surfacique/projet_mod_surf/ProjetModelSurf/build
"valgrindTest_operateur_affectation" start time: Dec 11 19:57 CET
Output:
----------------------------------------------------------
==29305== Memcheck, a memory error detector
==29305== Copyright (C) 2002-2017, and GNU GPL'd, by Julian Seward et al.
==29305== Using Valgrind-3.14.0 and LibVEX; rerun with -h for copyright info
==29305== Command: tests/Point_tests/test_operateur_affectation
==29305== 
==29305== 
==29305== HEAP SUMMARY:
==29305==     in use at exit: 0 bytes in 0 blocks
==29305==   total heap usage: 0 allocs, 0 frees, 0 bytes allocated
==29305== 
==29305== All heap blocks were freed -- no leaks are possible
==29305== 
==29305== For counts of detected and suppressed errors, rerun with: -v
==29305== ERROR SUMMARY: 0 errors from 0 contexts (suppressed: 0 from 0)
<end of output>
Test time =   0.37 sec
----------------------------------------------------------
Test Passed.
"valgrindTest_operateur_affectation" end time: Dec 11 19:57 CET
"valgrindTest_operateur_affectation" time elapsed: 00:00:00
----------------------------------------------------------

11/30 Testing: Test_operateur_divDouble
11/30 Test: Test_operateur_divDouble
Command: "/user/6/vilayvos/Documents/3A/mod_surfacique/projet_mod_surf/ProjetModelSurf/build/tests/Point_tests/test_operateur_divDouble"
Directory: /user/6/vilayvos/Documents/3A/mod_surfacique/projet_mod_surf/ProjetModelSurf/build
"Test_operateur_divDouble" start time: Dec 11 19:57 CET
Output:
----------------------------------------------------------
<end of output>
Test time =   0.00 sec
----------------------------------------------------------
Test Passed.
"Test_operateur_divDouble" end time: Dec 11 19:57 CET
"Test_operateur_divDouble" time elapsed: 00:00:00
----------------------------------------------------------

12/30 Testing: valgrindTest_operateur_divDouble
12/30 Test: valgrindTest_operateur_divDouble
Command: "/opt/rh/devtoolset-8/root/usr/bin/valgrind" "tests/Point_tests/test_operateur_divDouble"
Directory: /user/6/vilayvos/Documents/3A/mod_surfacique/projet_mod_surf/ProjetModelSurf/build
"valgrindTest_operateur_divDouble" start time: Dec 11 19:57 CET
Output:
----------------------------------------------------------
==29309== Memcheck, a memory error detector
==29309== Copyright (C) 2002-2017, and GNU GPL'd, by Julian Seward et al.
==29309== Using Valgrind-3.14.0 and LibVEX; rerun with -h for copyright info
==29309== Command: tests/Point_tests/test_operateur_divDouble
==29309== 
==29309== 
==29309== HEAP SUMMARY:
==29309==     in use at exit: 0 bytes in 0 blocks
==29309==   total heap usage: 0 allocs, 0 frees, 0 bytes allocated
==29309== 
==29309== All heap blocks were freed -- no leaks are possible
==29309== 
==29309== For counts of detected and suppressed errors, rerun with: -v
==29309== ERROR SUMMARY: 0 errors from 0 contexts (suppressed: 0 from 0)
<end of output>
Test time =   0.36 sec
----------------------------------------------------------
Test Passed.
"valgrindTest_operateur_divDouble" end time: Dec 11 19:57 CET
"valgrindTest_operateur_divDouble" time elapsed: 00:00:00
----------------------------------------------------------

13/30 Testing: Test_operateur_divEq
13/30 Test: Test_operateur_divEq
Command: "/user/6/vilayvos/Documents/3A/mod_surfacique/projet_mod_surf/ProjetModelSurf/build/tests/Point_tests/test_operateur_divEq"
Directory: /user/6/vilayvos/Documents/3A/mod_surfacique/projet_mod_surf/ProjetModelSurf/build
"Test_operateur_divEq" start time: Dec 11 19:57 CET
Output:
----------------------------------------------------------
3	1	5
<end of output>
Test time =   0.00 sec
----------------------------------------------------------
Test Passed.
"Test_operateur_divEq" end time: Dec 11 19:57 CET
"Test_operateur_divEq" time elapsed: 00:00:00
----------------------------------------------------------

14/30 Testing: valgrindTest_operateur_divEq
14/30 Test: valgrindTest_operateur_divEq
Command: "/opt/rh/devtoolset-8/root/usr/bin/valgrind" "tests/Point_tests/test_operateur_divEq"
Directory: /user/6/vilayvos/Documents/3A/mod_surfacique/projet_mod_surf/ProjetModelSurf/build
"valgrindTest_operateur_divEq" start time: Dec 11 19:57 CET
Output:
----------------------------------------------------------
==29312== Memcheck, a memory error detector
==29312== Copyright (C) 2002-2017, and GNU GPL'd, by Julian Seward et al.
==29312== Using Valgrind-3.14.0 and LibVEX; rerun with -h for copyright info
==29312== Command: tests/Point_tests/test_operateur_divEq
==29312== 
3	1	5
==29312== 
==29312== HEAP SUMMARY:
==29312==     in use at exit: 0 bytes in 0 blocks
==29312==   total heap usage: 0 allocs, 0 frees, 0 bytes allocated
==29312== 
==29312== All heap blocks were freed -- no leaks are possible
==29312== 
==29312== For counts of detected and suppressed errors, rerun with: -v
==29312== ERROR SUMMARY: 0 errors from 0 contexts (suppressed: 0 from 0)
<end of output>
Test time =   0.39 sec
----------------------------------------------------------
Test Passed.
"valgrindTest_operateur_divEq" end time: Dec 11 19:57 CET
"valgrindTest_operateur_divEq" time elapsed: 00:00:00
----------------------------------------------------------

15/30 Testing: Test_operateur_minus
15/30 Test: Test_operateur_minus
Command: "/user/6/vilayvos/Documents/3A/mod_surfacique/projet_mod_surf/ProjetModelSurf/build/tests/Point_tests/test_operateur_minus"
Directory: /user/6/vilayvos/Documents/3A/mod_surfacique/projet_mod_surf/ProjetModelSurf/build
"Test_operateur_minus" start time: Dec 11 19:57 CET
Output:
----------------------------------------------------------
1	5	2

1	5	5
<end of output>
Test time =   0.01 sec
----------------------------------------------------------
Test Passed.
"Test_operateur_minus" end time: Dec 11 19:57 CET
"Test_operateur_minus" time elapsed: 00:00:00
----------------------------------------------------------

16/30 Testing: valgrindTest_operateur_minus
16/30 Test: valgrindTest_operateur_minus
Command: "/opt/rh/devtoolset-8/root/usr/bin/valgrind" "tests/Point_tests/test_operateur_minus"
Directory: /user/6/vilayvos/Documents/3A/mod_surfacique/projet_mod_surf/ProjetModelSurf/build
"valgrindTest_operateur_minus" start time: Dec 11 19:57 CET
Output:
----------------------------------------------------------
==29315== Memcheck, a memory error detector
==29315== Copyright (C) 2002-2017, and GNU GPL'd, by Julian Seward et al.
==29315== Using Valgrind-3.14.0 and LibVEX; rerun with -h for copyright info
==29315== Command: tests/Point_tests/test_operateur_minus
==29315== 
1	5	2

1	5	5
==29315== 
==29315== HEAP SUMMARY:
==29315==     in use at exit: 0 bytes in 0 blocks
==29315==   total heap usage: 0 allocs, 0 frees, 0 bytes allocated
==29315== 
==29315== All heap blocks were freed -- no leaks are possible
==29315== 
==29315== For counts of detected and suppressed errors, rerun with: -v
==29315== ERROR SUMMARY: 0 errors from 0 contexts (suppressed: 0 from 0)
<end of output>
Test time =   0.39 sec
----------------------------------------------------------
Test Passed.
"valgrindTest_operateur_minus" end time: Dec 11 19:57 CET
"valgrindTest_operateur_minus" time elapsed: 00:00:00
----------------------------------------------------------

17/30 Testing: Test_operateur_minusEq
17/30 Test: Test_operateur_minusEq
Command: "/user/6/vilayvos/Documents/3A/mod_surfacique/projet_mod_surf/ProjetModelSurf/build/tests/Point_tests/test_operateur_minusEq"
Directory: /user/6/vilayvos/Documents/3A/mod_surfacique/projet_mod_surf/ProjetModelSurf/build
"Test_operateur_minusEq" start time: Dec 11 19:57 CET
Output:
----------------------------------------------------------
<end of output>
Test time =   0.01 sec
----------------------------------------------------------
Test Passed.
"Test_operateur_minusEq" end time: Dec 11 19:57 CET
"Test_operateur_minusEq" time elapsed: 00:00:00
----------------------------------------------------------

18/30 Testing: valgrindTest_operateur_minusEq
18/30 Test: valgrindTest_operateur_minusEq
Command: "/opt/rh/devtoolset-8/root/usr/bin/valgrind" "tests/Point_tests/test_operateur_minusEq"
Directory: /user/6/vilayvos/Documents/3A/mod_surfacique/projet_mod_surf/ProjetModelSurf/build
"valgrindTest_operateur_minusEq" start time: Dec 11 19:57 CET
Output:
----------------------------------------------------------
==29318== Memcheck, a memory error detector
==29318== Copyright (C) 2002-2017, and GNU GPL'd, by Julian Seward et al.
==29318== Using Valgrind-3.14.0 and LibVEX; rerun with -h for copyright info
==29318== Command: tests/Point_tests/test_operateur_minusEq
==29318== 
==29318== 
==29318== HEAP SUMMARY:
==29318==     in use at exit: 0 bytes in 0 blocks
==29318==   total heap usage: 3 allocs, 3 frees, 1,111 bytes allocated
==29318== 
==29318== All heap blocks were freed -- no leaks are possible
==29318== 
==29318== For counts of detected and suppressed errors, rerun with: -v
==29318== ERROR SUMMARY: 0 errors from 0 contexts (suppressed: 0 from 0)
<end of output>
Test time =   0.38 sec
----------------------------------------------------------
Test Passed.
"valgrindTest_operateur_minusEq" end time: Dec 11 19:57 CET
"valgrindTest_operateur_minusEq" time elapsed: 00:00:00
----------------------------------------------------------

19/30 Testing: Test_operateur_minusUnaire
19/30 Test: Test_operateur_minusUnaire
Command: "/user/6/vilayvos/Documents/3A/mod_surfacique/projet_mod_surf/ProjetModelSurf/build/tests/Point_tests/test_operateur_minusUnaire"
Directory: /user/6/vilayvos/Documents/3A/mod_surfacique/projet_mod_surf/ProjetModelSurf/build
"Test_operateur_minusUnaire" start time: Dec 11 19:57 CET
Output:
----------------------------------------------------------
<end of output>
Test time =   0.00 sec
----------------------------------------------------------
Test Passed.
"Test_operateur_minusUnaire" end time: Dec 11 19:57 CET
"Test_operateur_minusUnaire" time elapsed: 00:00:00
----------------------------------------------------------

20/30 Testing: valgrindTest_operateur_minusUnaire
20/30 Test: valgrindTest_operateur_minusUnaire
Command: "/opt/rh/devtoolset-8/root/usr/bin/valgrind" "tests/Point_tests/test_operateur_minusUnaire"
Directory: /user/6/vilayvos/Documents/3A/mod_surfacique/projet_mod_surf/ProjetModelSurf/build
"valgrindTest_operateur_minusUnaire" start time: Dec 11 19:57 CET
Output:
----------------------------------------------------------
==29322== Memcheck, a memory error detector
==29322== Copyright (C) 2002-2017, and GNU GPL'd, by Julian Seward et al.
==29322== Using Valgrind-3.14.0 and LibVEX; rerun with -h for copyright info
==29322== Command: tests/Point_tests/test_operateur_minusUnaire
==29322== 
==29322== 
==29322== HEAP SUMMARY:
==29322==     in use at exit: 0 bytes in 0 blocks
==29322==   total heap usage: 0 allocs, 0 frees, 0 bytes allocated
==29322== 
==29322== All heap blocks were freed -- no leaks are possible
==29322== 
==29322== For counts of detected and suppressed errors, rerun with: -v
==29322== ERROR SUMMARY: 0 errors from 0 contexts (suppressed: 0 from 0)
<end of output>
Test time =   0.35 sec
----------------------------------------------------------
Test Passed.
"valgrindTest_operateur_minusUnaire" end time: Dec 11 19:57 CET
"valgrindTest_operateur_minusUnaire" time elapsed: 00:00:00
----------------------------------------------------------

21/30 Testing: Test_operateur_multDouble
21/30 Test: Test_operateur_multDouble
Command: "/user/6/vilayvos/Documents/3A/mod_surfacique/projet_mod_surf/ProjetModelSurf/build/tests/Point_tests/test_operateur_multDouble"
Directory: /user/6/vilayvos/Documents/3A/mod_surfacique/projet_mod_surf/ProjetModelSurf/build
"Test_operateur_multDouble" start time: Dec 11 19:57 CET
Output:
----------------------------------------------------------
<end of output>
Test time =   0.01 sec
----------------------------------------------------------
Test Passed.
"Test_operateur_multDouble" end time: Dec 11 19:57 CET
"Test_operateur_multDouble" time elapsed: 00:00:00
----------------------------------------------------------

22/30 Testing: valgrindTest_operateur_multDouble
22/30 Test: valgrindTest_operateur_multDouble
Command: "/opt/rh/devtoolset-8/root/usr/bin/valgrind" "tests/Point_tests/test_operateur_multDouble"
Directory: /user/6/vilayvos/Documents/3A/mod_surfacique/projet_mod_surf/ProjetModelSurf/build
"valgrindTest_operateur_multDouble" start time: Dec 11 19:57 CET
Output:
----------------------------------------------------------
==29325== Memcheck, a memory error detector
==29325== Copyright (C) 2002-2017, and GNU GPL'd, by Julian Seward et al.
==29325== Using Valgrind-3.14.0 and LibVEX; rerun with -h for copyright info
==29325== Command: tests/Point_tests/test_operateur_multDouble
==29325== 
==29325== 
==29325== HEAP SUMMARY:
==29325==     in use at exit: 0 bytes in 0 blocks
==29325==   total heap usage: 0 allocs, 0 frees, 0 bytes allocated
==29325== 
==29325== All heap blocks were freed -- no leaks are possible
==29325== 
==29325== For counts of detected and suppressed errors, rerun with: -v
==29325== ERROR SUMMARY: 0 errors from 0 contexts (suppressed: 0 from 0)
<end of output>
Test time =   0.35 sec
----------------------------------------------------------
Test Passed.
"valgrindTest_operateur_multDouble" end time: Dec 11 19:57 CET
"valgrindTest_operateur_multDouble" time elapsed: 00:00:00
----------------------------------------------------------

23/30 Testing: Test_operateur_multEq
23/30 Test: Test_operateur_multEq
Command: "/user/6/vilayvos/Documents/3A/mod_surfacique/projet_mod_surf/ProjetModelSurf/build/tests/Point_tests/test_operateur_multEq"
Directory: /user/6/vilayvos/Documents/3A/mod_surfacique/projet_mod_surf/ProjetModelSurf/build
"Test_operateur_multEq" start time: Dec 11 19:57 CET
Output:
----------------------------------------------------------
<end of output>
Test time =   0.00 sec
----------------------------------------------------------
Test Passed.
"Test_operateur_multEq" end time: Dec 11 19:57 CET
"Test_operateur_multEq" time elapsed: 00:00:00
----------------------------------------------------------

24/30 Testing: valgrindTest_operateur_multEq
24/30 Test: valgrindTest_operateur_multEq
Command: "/opt/rh/devtoolset-8/root/usr/bin/valgrind" "tests/Point_tests/test_operateur_multEq"
Directory: /user/6/vilayvos/Documents/3A/mod_surfacique/projet_mod_surf/ProjetModelSurf/build
"valgrindTest_operateur_multEq" start time: Dec 11 19:57 CET
Output:
----------------------------------------------------------
==29329== Memcheck, a memory error detector
==29329== Copyright (C) 2002-2017, and GNU GPL'd, by Julian Seward et al.
==29329== Using Valgrind-3.14.0 and LibVEX; rerun with -h for copyright info
==29329== Command: tests/Point_tests/test_operateur_multEq
==29329== 
==29329== 
==29329== HEAP SUMMARY:
==29329==     in use at exit: 0 bytes in 0 blocks
==29329==   total heap usage: 0 allocs, 0 frees, 0 bytes allocated
==29329== 
==29329== All heap blocks were freed -- no leaks are possible
==29329== 
==29329== For counts of detected and suppressed errors, rerun with: -v
==29329== ERROR SUMMARY: 0 errors from 0 contexts (suppressed: 0 from 0)
<end of output>
Test time =   0.35 sec
----------------------------------------------------------
Test Passed.
"valgrindTest_operateur_multEq" end time: Dec 11 19:57 CET
"valgrindTest_operateur_multEq" time elapsed: 00:00:00
----------------------------------------------------------

25/30 Testing: Test_operateur_oflux
25/30 Test: Test_operateur_oflux
Command: "/user/6/vilayvos/Documents/3A/mod_surfacique/projet_mod_surf/ProjetModelSurf/build/tests/Point_tests/test_operateur_oflux"
Directory: /user/6/vilayvos/Documents/3A/mod_surfacique/projet_mod_surf/ProjetModelSurf/build
"Test_operateur_oflux" start time: Dec 11 19:57 CET
Output:
----------------------------------------------------------
<end of output>
Test time =   0.01 sec
----------------------------------------------------------
Test Passed.
"Test_operateur_oflux" end time: Dec 11 19:57 CET
"Test_operateur_oflux" time elapsed: 00:00:00
----------------------------------------------------------

26/30 Testing: valgrindTest_operateur_oflux
26/30 Test: valgrindTest_operateur_oflux
Command: "/opt/rh/devtoolset-8/root/usr/bin/valgrind" "tests/Point_tests/test_operateur_oflux"
Directory: /user/6/vilayvos/Documents/3A/mod_surfacique/projet_mod_surf/ProjetModelSurf/build
"valgrindTest_operateur_oflux" start time: Dec 11 19:57 CET
Output:
----------------------------------------------------------
==29333== Memcheck, a memory error detector
==29333== Copyright (C) 2002-2017, and GNU GPL'd, by Julian Seward et al.
==29333== Using Valgrind-3.14.0 and LibVEX; rerun with -h for copyright info
==29333== Command: tests/Point_tests/test_operateur_oflux
==29333== 
==29333== 
==29333== HEAP SUMMARY:
==29333==     in use at exit: 0 bytes in 0 blocks
==29333==   total heap usage: 4 allocs, 4 frees, 1,144 bytes allocated
==29333== 
==29333== All heap blocks were freed -- no leaks are possible
==29333== 
==29333== For counts of detected and suppressed errors, rerun with: -v
==29333== ERROR SUMMARY: 0 errors from 0 contexts (suppressed: 0 from 0)
<end of output>
Test time =   0.37 sec
----------------------------------------------------------
Test Passed.
"valgrindTest_operateur_oflux" end time: Dec 11 19:57 CET
"valgrindTest_operateur_oflux" time elapsed: 00:00:00
----------------------------------------------------------

27/30 Testing: Test_operateur_plus
27/30 Test: Test_operateur_plus
Command: "/user/6/vilayvos/Documents/3A/mod_surfacique/projet_mod_surf/ProjetModelSurf/build/tests/Point_tests/test_operateur_plus"
Directory: /user/6/vilayvos/Documents/3A/mod_surfacique/projet_mod_surf/ProjetModelSurf/build
"Test_operateur_plus" start time: Dec 11 19:57 CET
Output:
----------------------------------------------------------
<end of output>
Test time =   0.01 sec
----------------------------------------------------------
Test Passed.
"Test_operateur_plus" end time: Dec 11 19:57 CET
"Test_operateur_plus" time elapsed: 00:00:00
----------------------------------------------------------

28/30 Testing: valgrindTest_operateur_plus
28/30 Test: valgrindTest_operateur_plus
Command: "/opt/rh/devtoolset-8/root/usr/bin/valgrind" "tests/Point_tests/test_operateur_plus"
Directory: /user/6/vilayvos/Documents/3A/mod_surfacique/projet_mod_surf/ProjetModelSurf/build
"valgrindTest_operateur_plus" start time: Dec 11 19:57 CET
Output:
----------------------------------------------------------
==29337== Memcheck, a memory error detector
==29337== Copyright (C) 2002-2017, and GNU GPL'd, by Julian Seward et al.
==29337== Using Valgrind-3.14.0 and LibVEX; rerun with -h for copyright info
==29337== Command: tests/Point_tests/test_operateur_plus
==29337== 
==29337== 
==29337== HEAP SUMMARY:
==29337==     in use at exit: 0 bytes in 0 blocks
==29337==   total heap usage: 0 allocs, 0 frees, 0 bytes allocated
==29337== 
==29337== All heap blocks were freed -- no leaks are possible
==29337== 
==29337== For counts of detected and suppressed errors, rerun with: -v
==29337== ERROR SUMMARY: 0 errors from 0 contexts (suppressed: 0 from 0)
<end of output>
Test time =   0.35 sec
----------------------------------------------------------
Test Passed.
"valgrindTest_operateur_plus" end time: Dec 11 19:57 CET
"valgrindTest_operateur_plus" time elapsed: 00:00:00
----------------------------------------------------------

29/30 Testing: Test_operateur_plusEq
29/30 Test: Test_operateur_plusEq
Command: "/user/6/vilayvos/Documents/3A/mod_surfacique/projet_mod_surf/ProjetModelSurf/build/tests/Point_tests/test_operateur_plusEq"
Directory: /user/6/vilayvos/Documents/3A/mod_surfacique/projet_mod_surf/ProjetModelSurf/build
"Test_operateur_plusEq" start time: Dec 11 19:57 CET
Output:
----------------------------------------------------------
<end of output>
Test time =   0.00 sec
----------------------------------------------------------
Test Passed.
"Test_operateur_plusEq" end time: Dec 11 19:57 CET
"Test_operateur_plusEq" time elapsed: 00:00:00
----------------------------------------------------------

30/30 Testing: valgrindTest_operateur_plusEq
30/30 Test: valgrindTest_operateur_plusEq
Command: "/opt/rh/devtoolset-8/root/usr/bin/valgrind" "tests/Point_tests/test_operateur_plusEq"
Directory: /user/6/vilayvos/Documents/3A/mod_surfacique/projet_mod_surf/ProjetModelSurf/build
"valgrindTest_operateur_plusEq" start time: Dec 11 19:57 CET
Output:
----------------------------------------------------------
==29340== Memcheck, a memory error detector
==29340== Copyright (C) 2002-2017, and GNU GPL'd, by Julian Seward et al.
==29340== Using Valgrind-3.14.0 and LibVEX; rerun with -h for copyright info
==29340== Command: tests/Point_tests/test_operateur_plusEq
==29340== 
==29340== 
==29340== HEAP SUMMARY:
==29340==     in use at exit: 0 bytes in 0 blocks
==29340==   total heap usage: 0 allocs, 0 frees, 0 bytes allocated
==29340== 
==29340== All heap blocks were freed -- no leaks are possible
==29340== 
==29340== For counts of detected and suppressed errors, rerun with: -v
==29340== ERROR SUMMARY: 0 errors from 0 contexts (suppressed: 0 from 0)
<end of output>
Test time =   0.35 sec
----------------------------------------------------------
Test Passed.
"valgrindTest_operateur_plusEq" end time: Dec 11 19:57 CET
"valgrindTest_operateur_plusEq" time elapsed: 00:00:00
----------------------------------------------------------

End testing: Dec 11 19:57 CET
